==== Start Terminator Debug Log ====
Date: 2025年  1月 31日 金曜日 23:31:04 JST
DISPLAY=:0
XAUTHORITY=/home/eikinagata2/.Xauthority
X session is not active. Exiting.
==== Start Terminator Debug Log ====
Date: 2025年  1月 31日 金曜日 23:31:04 JST
DISPLAY=:0
XAUTHORITY=/home/eikinagata2/.Xauthority
X session is not active. Exiting.
==== Start Terminator Debug Log ====
Date: 2025年  1月 31日 金曜日 23:31:04 JST
DISPLAY=:0
XAUTHORITY=/home/eikinagata2/.Xauthority
X session is not active. Exiting.
==== Start Terminator Debug Log ====
Date: 2025年  1月 31日 金曜日 23:31:05 JST
DISPLAY=:0
XAUTHORITY=/home/eikinagata2/.Xauthority
X session is not active. Exiting.
==== Start Terminator Debug Log ====
Date: 2025年  1月 31日 金曜日 23:31:05 JST
DISPLAY=:0
XAUTHORITY=/home/eikinagata2/.Xauthority
X session is not active. Exiting.
==== Start Terminator Debug Log ====
Date: 2025年  1月 31日 金曜日 23:32:47 JST
DISPLAY=:0
XAUTHORITY=/home/eikinagata2/.Xauthority
X session is not active. Exiting.
==== Start Terminator Debug Log ====
Date: 2025年  1月 31日 金曜日 23:32:47 JST
DISPLAY=:0
XAUTHORITY=/home/eikinagata2/.Xauthority
X session is not active. Exiting.
==== Start Terminator Debug Log ====
Date: 2025年  1月 31日 金曜日 23:32:47 JST
DISPLAY=:0
XAUTHORITY=/home/eikinagata2/.Xauthority
X session is not active. Exiting.
==== Start Terminator Debug Log ====
Date: 2025年  1月 31日 金曜日 23:32:47 JST
DISPLAY=:0
XAUTHORITY=/home/eikinagata2/.Xauthority
X session is not active. Exiting.
==== Start Terminator Debug Log ====
Date: 2025年  1月 31日 金曜日 23:32:48 JST
DISPLAY=:0
XAUTHORITY=/home/eikinagata2/.Xauthority
X session is not active. Exiting.
==== Start Terminator Debug Log ====
Date: 2025年  1月 31日 金曜日 23:34:52 JST
DISPLAY=:1
XAUTHORITY=/run/user/1000/gdm/Xauthority
X session is not active. Exiting.
==== Start Terminator Debug Log ====
Date: 2025年  1月 31日 金曜日 23:34:53 JST
DISPLAY=:1
XAUTHORITY=/run/user/1000/gdm/Xauthority
X session is not active. Exiting.
==== Start Terminator Debug Log ====
Date: 2025年  1月 31日 金曜日 23:34:53 JST
DISPLAY=:1
XAUTHORITY=/run/user/1000/gdm/Xauthority
X session is not active. Exiting.
==== Start Terminator Debug Log ====
Date: 2025年  1月 31日 金曜日 23:34:53 JST
DISPLAY=:1
XAUTHORITY=/run/user/1000/gdm/Xauthority
X session is not active. Exiting.
==== Start Terminator Debug Log ====
Date: 2025年  1月 31日 金曜日 23:34:53 JST
DISPLAY=:1
XAUTHORITY=/run/user/1000/gdm/Xauthority
X session is not active. Exiting.
